<?xml version="1.0" encoding="UTF-8"?>
<!-- Generated by org.testng.reporters.JUnitXMLReporter -->
<testsuite ignored="0" hostname="nooruddin1-sa" failures="0" tests="7" name="Deactivated_pet_5" time="152.543" errors="0" timestamp="2025-03-13T13:57:31 IST">
  <testcase classname="testcase.Gridview_Deactivate_Pet" name="deactivatepet" time="19.496"/>
  <testcase classname="testcase.Listview_Deactivate_Pet" name="deactivatepet" time="14.259"/>
  <testcase classname="testcase.ViewpetGridView_DP" name="gviewpetDp" time="24.034"/>
  <testcase classname="testcase.ViewpetListView_DP" name="LviewpetDp" time="21.96"/>
  <testcase classname="testcase.AllReport_DP" name="allreportDp" time="27.49"/>
  <testcase classname="testcase.DeleteGridview_DP" name="deletepet_DP" time="26.709"/>
  <testcase classname="testcase.DeleteListview_DP" name="deletepetLv_DP" time="18.586"/>
</testsuite> <!-- Deactivated_pet_5 -->
