<?xml version="1.0" encoding="UTF-8"?>
<testng-results ignored="0" total="1" passed="1" failed="0" skipped="0">
  <reporter-output>
  </reporter-output>
  <suite started-at="2025-03-26T12:55:57 IST" name="Suite" finished-at="2025-03-26T12:56:58 IST" duration-ms="60345">
    <groups>
    </groups>
    <test started-at="2025-03-26T12:55:57 IST" name="SignIn_Existinguser" finished-at="2025-03-26T12:56:58 IST" duration-ms="60345">
      <class name="testcase.Signin_Existinguser">
        <test-method signature="login()[pri:2, instance:testcase.Signin_Existinguser@7bb004b8]" started-at="2025-03-26T12:55:57 IST" name="login" finished-at="2025-03-26T12:56:58 IST" duration-ms="60324" status="PASS">
          <reporter-output>
          </reporter-output>
        </test-method> <!-- login -->
      </class> <!-- testcase.Signin_Existinguser -->
    </test> <!-- SignIn_Existinguser -->
  </suite> <!-- Suite -->
</testng-results>
